24
126
228
274
376
478
580
682
784
886
988
1090
1192
1294
1396
1498
1600
1702
1804
1906
2008
2110
2212
2314
2416
2518
2620
2722
2824
2926
3028
3130
3232
3334
3436
3538
3640
3742
3844
3946
4048
4150
4252
4354
4456
4558
4660
4762
4864
4966
5068
5170
5272
5374
5476
5578
5680
5782
5884
5986
6088
6190
6292
6394
6496
6598
6700
6802
6904
7006
7108
7210
7312
7414
7516
7618
7720
7822
7924
8026
8128
8230
8332
8434
8536
8638
8740
8842
8944
9046
9148
9250
9352
9454
9556
9658
9760
9862
9964
10066
10168
10270
10372
10474
