1518857
1518858
1518859
1518860
1518861
1518862
1518863
1518864
1518865
1518866
1518867
1518868
1518869
1518870
1518871
1518872
1518873
1518874
1518875
1518876
1518877
1518878
1518879
1518880
1518881
1518882
1518883
1518884
1518885
1518886
1518887
1518888
1518889
1518890
1518891
1518892
1518893
1518894
1518895
1518896
1518897
1518898
1518899
1518900
1518901
1518902
1518903
1518904
1518905
1518906
1518907
1518908
1518909
1518910
1518911
1518912
1518913
1518914
1518915
1518916
1518917
1518918
1518919
1518920
1518921
1518922
1518923
1518924
1518925
1518926
1518927
1518928
1518929
1518930
1518931
1518932
1518933
1518934
1518935
1518936
1518937
1518938
1518939
1518940
1518941
1518942
1518943
1518944
1518945
1518946
1518947
1518948
1518949
1518950
1518951
1518952
1518953
1518954
1518955
1518956
