0, 652 (09:28:16)
0, 652 (09:28:31)
0, 652 (09:28:46)
0, 652 (09:29:01)
0, 652 (09:29:16)
0, 652 (09:29:16)
0, 653 (09:29:16)
0, 653 (09:29:31)
0, 653 (09:29:31)
0, 653 (09:29:31)
0, 653 (09:29:46)
0, 653 (09:30:01)
0, 653 (09:30:01)
0, 653 (09:30:01)
0, 654 (09:30:16)
0, 654 (09:30:31)
0, 654 (09:30:40)
0, 654 (09:30:40)
0, 654 (09:30:40)
0, 654 (09:30:42)
0, 654 (09:30:42)
0, 654 (09:30:42)
0, 654 (09:30:46)
0, 654 (09:31:01)
0, 654 (09:31:16)
0, 654 (09:31:16)
0, 655 (09:31:16)
0, 655 (09:31:31)
0, 655 (09:31:31)
0, 655 (09:31:31)
0, 655 (09:31:46)
0, 655 (09:31:58)
3, 655 (09:31:58)
3, 0 (09:31:58)
3, 0 (09:32:13)
3, 0 (09:32:13)
3, 0 (09:32:13)
3, 0 (09:32:28)
3, 0 (09:32:35)
3, 0 (09:32:35)
3, 0 (09:32:35)
3, 0 (09:32:37)
3, 0 (09:32:37)
3, 0 (09:32:37)
2, 0 (09:32:52)
2, 0 (09:33:07)
2, 0 (09:33:22)
2, 0 (09:33:35)
3, 0 (09:33:35)
3, 0 (09:33:35)
3, 0 (09:33:50)
3, 0 (09:33:50)
3, 0 (09:33:50)
3, 0 (09:34:05)
3, 0 (09:34:20)
3, 0 (09:34:20)
3, 2 (09:34:20)
3, 2 (09:34:35)
3, 2 (09:34:37)
0, 5 (09:40:05)
0, 5 (09:40:06)
0, 5 (09:40:06)
0, 5 (09:40:06)
0, 5 (09:40:06)
0, 5 (09:40:06)
0, 5 (09:40:06)
0, 5 (09:40:06)
0, 5 (09:40:06)
0, 5 (09:40:06)
0, 5 (09:40:06)
0, 5 (09:40:06)
0, 5 (09:40:06)
0, 5 (09:40:06)
0, 5 (09:40:06)
0, 5 (09:40:06)
0, 5 (09:40:06)
0, 5 (09:40:06)
0, 5 (09:40:06)
0, 5 (09:40:06)
0, 5 (09:40:06)
0, 5 (09:40:06)
0, 5 (09:40:06)
0, 5 (09:40:06)
0, 5 (09:40:06)
0, 5 (09:40:06)
0, 5 (09:40:06)
0, 5 (09:40:06)
0, 5 (09:40:06)
0, 5 (09:40:06)
0, 5 (09:40:06)
0, 5 (09:40:06)
0, 5 (09:40:07)
0, 5 (09:40:07)
0, 5 (09:40:07)
0, 5 (09:40:07)
0, 5 (09:40:07)
0, 5 (09:40:07)
0, 5 (09:40:07)
0, 5 (09:40:07)
0, 5 (09:40:07)
0, 5 (09:40:07)
0, 5 (09:40:07)
0, 5 (09:40:08)
2, 5 (09:40:08)
2, 5 (09:40:08)
2, 5 (09:40:17)
2, 5 (09:40:17)
2, 6 (09:40:17)
3, 0 (09:40:22)
3, 0 (09:40:25)
3, 0 (09:40:25)
3, 0 (09:40:25)
3, 0 (09:40:40)
2, 0 (09:40:40)
2, 0 (09:40:40)
3, 0 (09:40:55)
3, 0 (09:41:10)
3, 0 (09:41:10)
3, 1 (09:41:10)
3, 1 (09:41:25)
3, 0 (09:41:40)
3, 0 (09:41:55)
0, 0 (09:41:55)
0, 0 (09:41:55)
0, 0 (09:41:59)
0, 0 (09:41:59)
0, 0 (09:41:59)
0, 8 (09:50:51)
0, 8 (09:50:51)
0, 8 (09:50:51)
0, 8 (09:50:51)
0, 8 (09:50:52)
0, 8 (09:50:52)
0, 8 (09:50:52)
0, 8 (09:50:52)
0, 8 (09:50:52)
0, 8 (09:50:52)
0, 8 (09:50:52)
0, 8 (09:50:52)
0, 8 (09:50:52)
0, 8 (09:50:52)
0, 8 (09:50:52)
0, 8 (09:50:52)
0, 8 (09:50:52)
0, 8 (09:50:52)
0, 8 (09:50:52)
0, 8 (09:50:52)
0, 8 (09:50:52)
0, 8 (09:50:52)
0, 8 (09:50:52)
0, 8 (09:50:52)
0, 8 (09:50:52)
0, 8 (09:50:52)
0, 8 (09:50:52)
0, 8 (09:50:52)
0, 8 (09:50:52)
0, 8 (09:50:52)
0, 8 (09:50:52)
0, 8 (09:50:52)
0, 8 (09:50:52)
0, 8 (09:50:52)
0, 8 (09:50:52)
0, 8 (09:50:53)
0, 8 (09:50:53)
0, 8 (09:50:53)
0, 8 (09:50:53)
0, 8 (09:50:53)
0, 8 (09:50:53)
0, 8 (09:50:53)
0, 8 (09:50:53)
0, 8 (09:50:54)
0, 8 (09:50:54)
0, 8 (09:50:54)
0, 8 (09:51:02)
0, 8 (09:51:02)
0, 8 (09:51:02)
3, 0 (09:51:11)
3, 0 (09:51:15)
3, 0 (09:51:15)
3, 0 (09:51:15)
3, 0 (09:51:22)
3, 0 (09:51:22)
3, 0 (09:51:22)
2, 0 (09:51:37)
2, 0 (09:51:50)
0, 0 (09:51:50)
0, 0 (09:51:50)
0, 0 (09:51:56)
0, 15 (10:07:15)
0, 15 (10:07:30)
0, 15 (10:07:30)
0, 15 (10:07:30)
0, 15 (10:07:45)
0, 15 (10:07:45)
0, 15 (10:07:45)
3, 0 (10:08:00)
3, 0 (10:08:08)
3, 0 (10:08:08)
3, 0 (10:08:08)
3, 0 (10:08:23)
3, 0 (10:08:38)
3, 0 (10:08:53)
3, 0 (10:08:53)
3, 0 (10:08:53)
3, 0 (10:09:08)
3, 1 (10:09:23)
3, 1 (10:09:38)
3, 1 (10:09:38)
3, 1 (10:09:38)
3, 1 (10:09:53)
3, 0 (10:10:08)
3, 0 (10:10:23)
3, 0 (10:10:23)
3, 0 (10:10:23)
3, 0 (10:10:38)
3, 0 (10:10:53)
3, 0 (10:11:08)
3, 0 (10:11:08)
3, 3 (10:11:08)
3, 3 (10:11:23)
3, 3 (10:11:23)
3, 3 (10:11:23)
3, 3 (10:11:25)
3, 3 (10:11:40)
3, 3 (10:11:55)
3, 3 (10:11:55)
3, 3 (10:11:55)
3, 4 (10:12:10)
3, 4 (10:12:25)
3, 4 (10:12:40)
3, 4 (10:12:40)
3, 4 (10:12:40)
3, 4 (10:12:55)
3, 5 (10:13:10)
3, 5 (10:13:25)
3, 5 (10:13:25)
3, 5 (10:13:25)
3, 5 (10:13:40)
3, 5 (10:13:55)
3, 5 (10:14:10)
3, 5 (10:14:10)
3, 6 (10:14:10)
3, 6 (10:14:26)
3, 6 (10:14:26)
3, 6 (10:14:26)
3, 6 (10:14:41)
3, 6 (10:14:56)
3, 6 (10:14:56)
3, 6 (10:14:56)
3, 7 (10:15:11)
3, 7 (10:15:25)
3, 7 (10:15:40)
3, 7 (10:15:40)
3, 7 (10:15:40)
3, 7 (10:15:55)
3, 7 (10:15:55)
3, 7 (10:15:55)
3, 8 (10:16:10)
3, 8 (10:16:25)
3, 8 (10:16:31)
3, 8 (10:16:31)
3, 8 (10:16:31)
3, 8 (10:16:46)
3, 8 (10:16:46)
3, 8 (10:16:46)
3, 8 (10:17:01)
3, 9 (10:17:16)
3, 9 (10:17:31)
3, 9 (10:17:31)
3, 9 (10:17:31)
3, 9 (10:17:46)
3, 9 (10:18:01)
3, 9 (10:18:16)
3, 9 (10:18:16)
3, 10 (10:18:16)
3, 10 (10:18:31)
3, 10 (10:18:31)
3, 10 (10:18:31)
3, 10 (10:18:46)
3, 10 (10:19:01)
3, 10 (10:19:01)
3, 10 (10:19:01)
3, 11 (10:19:16)
3, 11 (10:19:31)
3, 11 (10:19:46)
3, 11 (10:19:46)
3, 11 (10:19:46)
3, 11 (10:20:01)
3, 11 (10:20:01)
3, 11 (10:20:01)
3, 12 (10:20:16)
3, 12 (10:20:31)
3, 12 (10:20:31)
3, 12 (10:20:31)
3, 12 (10:20:46)
3, 12 (10:21:01)
3, 12 (10:21:16)
3, 12 (10:21:16)
3, 13 (10:21:16)
3, 13 (10:21:31)
3, 13 (10:21:31)
3, 13 (10:21:31)
3, 13 (10:21:46)
3, 13 (10:21:53)
3, 13 (10:21:53)
3, 13 (10:21:53)
3, 13 (10:22:08)
3, 13 (10:22:08)
3, 14 (10:22:08)
3, 14 (10:22:23)
3, 14 (10:22:26)
3, 14 (10:22:29)
3, 14 (10:22:39)
3, 14 (10:22:54)
3, 14 (10:23:09)
3, 14 (10:23:09)
3, 15 (10:23:09)
3, 15 (10:23:24)
3, 15 (10:23:24)
3, 15 (10:23:24)
3, 15 (10:23:39)
3, 15 (10:23:54)
3, 15 (10:23:54)
3, 15 (10:23:54)
3, 16 (10:24:09)
3, 16 (10:24:24)
3, 16 (10:24:39)
3, 16 (10:24:54)
3, 16 (10:24:54)
3, 16 (10:24:54)
3, 16 (10:25:09)
3, 16 (10:25:09)
3, 17 (10:25:09)
3, 17 (10:25:24)
3, 17 (10:25:39)
3, 17 (10:25:39)
3, 17 (10:25:39)
3, 17 (10:25:54)
3, 17 (10:25:54)
3, 17 (10:25:54)
3, 18 (10:26:09)
3, 18 (10:26:24)
3, 18 (10:26:24)
3, 18 (10:26:24)
3, 18 (10:26:39)
3, 18 (10:26:54)
3, 18 (10:26:54)
3, 18 (10:26:54)
3, 18 (10:27:09)
3, 18 (10:27:09)
3, 19 (10:27:09)
3, 19 (10:27:14)
3, 19 (10:27:29)
3, 19 (10:27:44)
3, 19 (10:27:44)
3, 19 (10:27:44)
3, 19 (10:27:59)
3, 20 (10:28:14)
3, 20 (10:28:29)
3, 20 (10:28:29)
3, 20 (10:28:29)
3, 20 (10:28:44)
3, 20 (10:28:59)
3, 20 (10:29:14)
3, 20 (10:29:14)
3, 21 (10:29:14)
3, 21 (10:29:29)
3, 21 (10:29:29)
3, 21 (10:29:29)
3, 21 (10:29:44)
3, 21 (10:29:59)
3, 21 (10:29:59)
3, 21 (10:29:59)
3, 21 (10:30:14)
3, 21 (10:30:14)
3, 22 (10:30:14)
3, 22 (10:30:29)
3, 22 (10:30:44)
3, 22 (10:30:48)
3, 22 (10:30:48)
3, 22 (10:30:48)
3, 22 (10:31:02)
3, 22 (10:31:02)
3, 22 (10:31:02)
3, 23 (10:31:17)
3, 23 (10:31:32)
3, 23 (10:31:47)
3, 23 (10:31:47)
3, 23 (10:31:47)
3, 23 (10:32:02)
3, 23 (10:32:02)
3, 23 (10:32:02)
3, 24 (10:32:17)
3, 24 (10:32:32)
3, 24 (10:32:32)
3, 24 (10:32:32)
2, 0 (10:32:47)
2, 0 (10:32:57)
3, 25 (10:33:12)
3, 25 (10:33:27)
3, 25 (10:33:27)
3, 25 (10:33:27)
3, 25 (10:33:42)
3, 25 (10:33:57)
3, 25 (10:34:12)
3, 25 (10:34:12)
3, 26 (10:34:12)
2, 0 (10:34:27)
3, 0 (10:34:42)
3, 0 (10:34:57)
3, 0 (10:34:57)
3, 0 (10:34:57)
3, 0 (10:35:12)
3, 0 (10:35:12)
3, 0 (10:35:12)
3, 0 (10:35:27)
3, 0 (10:35:42)
3, 0 (10:35:42)
3, 0 (10:35:42)
3, 0 (10:35:54)
3, 0 (10:35:54)
3, 0 (10:35:54)
3, 0 (10:36:06)
3, 28 (10:36:21)
3, 28 (10:36:36)
3, 28 (10:36:36)
3, 28 (10:36:36)
3, 28 (10:36:51)
3, 28 (10:37:06)
3, 28 (10:37:21)
3, 28 (10:37:21)
3, 29 (10:37:21)
3, 29 (10:37:36)
3, 29 (10:37:36)
3, 29 (10:37:36)
3, 29 (10:37:51)
3, 29 (10:38:06)
3, 29 (10:38:06)
3, 29 (10:38:06)
3, 29 (10:38:22)
3, 29 (10:38:22)
3, 30 (10:38:22)
3, 30 (10:38:37)
3, 30 (10:38:51)
3, 30 (10:38:58)
3, 30 (10:39:04)
3, 30 (10:39:07)
3, 31 (10:39:22)
3, 31 (10:39:25)
3, 31 (10:39:25)
3, 31 (10:39:25)
3, 31 (10:39:31)
3, 31 (10:39:31)
3, 31 (10:39:31)
3, 31 (10:39:46)
3, 31 (10:40:01)
3, 31 (10:40:01)
3, 31 (10:40:01)
3, 32 (10:40:16)
3, 32 (10:40:31)
3, 32 (10:40:46)
3, 32 (10:40:46)
3, 32 (10:40:46)
3, 32 (10:41:01)
3, 32 (10:41:01)
3, 32 (10:41:01)
3, 33 (10:41:16)
3, 33 (10:41:31)
3, 33 (10:41:46)
3, 33 (10:41:46)
3, 33 (10:41:46)
3, 33 (10:42:01)
3, 33 (10:42:06)
3, 34 (10:42:11)
3, 34 (10:42:22)
3, 34 (10:42:37)
3, 34 (10:42:37)
3, 34 (10:42:37)
3, 34 (10:42:49)
3, 34 (10:42:49)
3, 34 (10:42:49)
3, 34 (10:42:54)
3, 35 (10:43:09)
3, 35 (10:43:24)
3, 35 (10:43:24)
3, 35 (10:43:24)
3, 35 (10:43:39)
3, 35 (10:43:39)
3, 35 (10:43:39)
3, 35 (10:43:48)
3, 35 (10:43:53)
3, 35 (10:43:57)
3, 36 (10:44:09)
3, 36 (10:44:24)
3, 36 (10:44:24)
3, 36 (10:44:24)
3, 36 (10:44:39)
3, 36 (10:44:39)
3, 36 (10:44:39)
3, 36 (10:44:54)
3, 36 (10:45:09)
3, 36 (10:45:09)
3, 37 (10:45:09)
3, 37 (10:45:24)
3, 37 (10:45:24)
3, 37 (10:45:24)
3, 37 (10:45:37)
3, 37 (10:45:39)
3, 37 (10:45:39)
3, 37 (10:45:39)
3, 37 (10:45:54)
3, 37 (10:45:54)
3, 37 (10:45:54)
3, 38 (10:46:09)
3, 38 (10:46:20)
3, 38 (10:46:22)
3, 38 (10:46:37)
3, 38 (10:46:52)
3, 38 (10:46:52)
3, 38 (10:46:52)
3, 38 (10:47:00)
3, 38 (10:47:00)
3, 38 (10:47:00)
2, 0 (10:47:15)
3, 0 (10:47:30)
3, 0 (10:47:45)
2, 0 (10:47:45)
2, 0 (10:47:45)
2, 0 (10:48:00)
2, 1 (10:48:15)
2, 1 (10:48:30)
2, 1 (10:48:30)
2, 1 (10:48:30)
2, 1 (10:48:45)
2, 1 (10:49:00)
2, 1 (10:49:15)
2, 1 (10:49:15)
2, 2 (10:49:15)
2, 2 (10:49:30)
2, 2 (10:49:30)
2, 2 (10:49:30)
2, 2 (10:49:45)
2, 2 (10:50:00)
2, 2 (10:50:00)
2, 2 (10:50:00)
2, 3 (10:50:15)
2, 3 (10:50:30)
2, 3 (10:50:45)
2, 3 (10:50:45)
2, 3 (10:50:45)
2, 3 (10:51:00)
2, 3 (10:51:00)
2, 3 (10:51:00)
3, 0 (10:51:15)
3, 0 (10:51:21)
3, 0 (10:51:21)
3, 0 (10:51:21)
3, 0 (10:51:36)
3, 0 (10:51:36)
3, 0 (10:51:36)
3, 0 (10:51:51)
3, 0 (10:52:06)
3, 0 (10:52:14)
3, 0 (10:52:14)
3, 1 (10:52:14)
3, 1 (10:52:28)
3, 1 (10:52:28)
3, 1 (10:52:28)
2, 0 (10:52:43)
2, 0 (10:52:58)
2, 0 (10:53:13)
2, 0 (10:53:13)
2, 1 (10:53:13)
2, 1 (10:53:28)
2, 1 (10:53:43)
2, 1 (10:53:58)
2, 1 (10:53:58)
2, 1 (10:53:58)
2, 2 (10:54:13)
3, 0 (10:54:23)
3, 0 (10:54:26)
3, 0 (10:54:29)
3, 0 (10:54:44)
3, 0 (10:54:59)
3, 0 (10:54:59)
3, 0 (10:54:59)
3, 1 (10:55:14)
3, 1 (10:55:29)
3, 1 (10:55:33)
2, 1 (10:55:33)
2, 0 (10:55:33)
2, 0 (10:55:38)
3, 0 (10:55:38)
3, 0 (10:55:38)
3, 0 (10:55:46)
3, 0 (10:56:01)
3, 0 (10:56:01)
3, 0 (10:56:01)
3, 2 (10:56:16)
3, 2 (10:56:31)
3, 2 (10:56:31)
3, 2 (10:56:31)
3, 2 (10:56:35)
2, 2 (10:56:35)
2, 0 (10:56:35)
3, 0 (10:56:50)
2, 0 (10:57:05)
2, 0 (10:57:20)
3, 0 (10:57:20)
3, 0 (10:57:20)
3, 0 (10:57:35)
3, 0 (10:57:50)
3, 0 (10:58:05)
3, 0 (10:58:05)
3, 0 (10:58:05)
2, 0 (10:58:20)
3, 0 (10:58:35)
3, 0 (10:58:50)
2, 0 (10:58:50)
2, 0 (10:58:50)
2, 0 (10:58:59)
2, 0 (10:58:59)
2, 0 (10:58:59)
2, 27 (11:25:21)
2, 27 (11:25:36)
2, 27 (11:25:36)
2, 27 (11:25:36)
2, 27 (11:25:51)
2, 27 (11:25:51)
2, 27 (11:25:51)
2, 27 (11:26:06)
2, 27 (11:26:15)
2, 27 (11:26:15)
2, 0 (11:26:15)
3, 0 (11:26:27)
2, 0 (11:26:42)
2, 0 (11:26:57)
2, 0 (11:26:57)
2, 0 (11:26:57)
2, 0 (11:27:12)
2, 0 (11:27:12)
2, 29 (11:27:12)
2, 29 (11:27:27)
2, 29 (11:27:42)
2, 29 (11:27:42)
2, 29 (11:27:42)
2, 29 (11:27:46)
2, 29 (11:27:46)
2, 29 (11:27:46)
3, 0 (11:27:50)
3, 0 (11:28:05)
2, 0 (11:28:20)
2, 0 (11:28:35)
2, 0 (11:28:35)
2, 0 (11:28:35)
2, 0 (11:28:50)
2, 0 (11:29:05)
2, 0 (11:29:09)
2, 0 (11:29:09)
2, 31 (11:29:09)
2, 31 (11:29:24)
3, 31 (11:29:24)
3, 0 (11:29:24)
3, 0 (11:29:39)
3, 0 (11:29:54)
3, 0 (11:30:09)
3, 0 (11:30:09)
3, 1 (11:30:09)
3, 1 (11:30:24)
2, 1 (11:30:24)
2, 0 (11:30:24)
2, 0 (11:30:39)
2, 0 (11:30:54)
2, 0 (11:30:54)
2, 0 (11:30:54)
2, 0 (11:31:10)
2, 0 (11:31:10)
2, 1 (11:31:10)
2, 1 (11:31:25)
2, 1 (11:31:40)
2, 1 (11:31:40)
2, 1 (11:31:40)
2, 1 (11:31:55)
3, 0 (11:32:10)
3, 0 (11:32:25)
3, 0 (11:32:25)
3, 0 (11:32:25)
3, 0 (11:32:40)
3, 0 (11:32:55)
3, 0 (11:32:57)
2, 0 (11:32:57)
2, 0 (11:32:57)
2, 0 (11:33:01)
2, 0 (11:33:01)
2, 0 (11:33:01)
3, 1 (11:33:16)
3, 1 (11:33:31)
3, 1 (11:33:46)
3, 1 (11:33:56)
3, 1 (11:33:56)
3, 1 (11:33:56)
3, 1 (11:34:11)
3, 1 (11:34:11)
3, 2 (11:34:11)
3, 2 (11:34:26)
3, 2 (11:34:41)
3, 2 (11:34:41)
3, 2 (11:34:41)
3, 2 (11:34:56)
3, 2 (11:34:56)
3, 2 (11:34:56)
3, 3 (11:35:11)
3, 3 (11:35:26)
3, 3 (11:35:26)
3, 3 (11:35:26)
3, 3 (11:35:41)
3, 3 (11:35:41)
3, 3 (11:35:41)
3, 3 (11:35:49)
3, 3 (11:35:53)
3, 3 (11:36:08)
3, 3 (11:36:23)
2, 3 (11:36:23)
2, 0 (11:36:23)
3, 0 (11:36:38)
3, 0 (11:36:41)
3, 0 (11:36:45)
3, 0 (11:36:49)
2, 0 (11:37:04)
2, 0 (11:37:19)
2, 0 (11:37:19)
2, 0 (11:37:19)
2, 0 (11:37:34)
2, 0 (11:37:49)
2, 0 (11:38:04)
2, 0 (11:38:04)
2, 0 (11:38:04)
2, 1 (11:38:19)
2, 1 (11:38:34)
2, 1 (11:38:49)
2, 1 (11:38:49)
2, 1 (11:38:49)
2, 1 (11:39:04)
2, 2 (11:39:19)
2, 2 (11:39:34)
2, 2 (11:39:34)
2, 2 (11:39:34)
2, 2 (11:39:49)
2, 2 (11:39:49)
2, 2 (11:39:49)
2, 2 (11:40:04)
2, 2 (11:40:19)
2, 2 (11:40:19)
2, 3 (11:40:19)
3, 0 (11:40:34)
2, 0 (11:40:49)
2, 0 (11:40:52)
2, 0 (11:40:52)
2, 0 (11:40:52)
2, 18 (11:55:15)
2, 18 (11:55:30)
2, 18 (11:55:45)
3, 18 (11:55:45)
3, 0 (11:55:45)
3, 0 (11:56:00)
3, 0 (11:56:06)
3, 0 (11:56:06)
3, 0 (11:56:06)
3, 0 (11:56:21)
3, 0 (11:56:21)
3, 0 (11:56:21)
3, 0 (11:56:36)
3, 0 (11:56:51)
3, 0 (11:56:54)
3, 0 (11:56:54)
3, 0 (11:56:54)
3, 0 (11:56:56)
3, 0 (11:56:56)
3, 0 (11:56:56)
3, 1 (11:57:11)
3, 1 (11:57:20)
3, 1 (11:57:20)
3, 1 (11:57:20)
3, 1 (11:57:27)
3, 1 (11:57:42)
3, 1 (11:57:57)
3, 1 (11:57:57)
3, 1 (11:57:57)
3, 1 (11:58:06)
3, 1 (11:58:06)
3, 1 (11:58:06)
3, 2 (11:58:21)
3, 2 (11:58:36)
3, 2 (11:58:51)
3, 2 (11:58:51)
3, 2 (11:58:51)
3, 2 (11:59:06)
3, 3 (11:59:21)
3, 3 (11:59:36)
3, 3 (11:59:36)
3, 3 (11:59:36)
3, 3 (11:59:51)
3, 3 (12:00:06)
3, 3 (12:00:21)
3, 3 (12:00:21)
3, 4 (12:00:21)
3, 4 (12:00:36)
3, 4 (12:00:51)
3, 4 (12:01:06)
3, 4 (12:01:06)
3, 4 (12:01:06)
3, 4 (12:01:21)
3, 4 (12:01:21)
3, 5 (12:01:21)
3, 5 (12:01:36)
3, 5 (12:01:45)
3, 5 (12:01:45)
3, 5 (12:01:45)
3, 5 (12:01:49)
3, 5 (12:01:49)
3, 5 (12:01:49)
3, 5 (12:01:56)
3, 5 (12:02:11)
3, 5 (12:02:11)
3, 6 (12:02:11)
3, 6 (12:02:26)
3, 6 (12:02:41)
3, 6 (12:02:41)
3, 6 (12:02:41)
3, 6 (12:02:56)
3, 7 (12:03:11)
3, 7 (12:03:26)
3, 7 (12:03:41)
3, 7 (12:03:41)
3, 7 (12:03:41)
3, 7 (12:03:52)
3, 7 (12:03:52)
3, 7 (12:03:52)
3, 7 (12:04:07)
3, 7 (12:04:22)
3, 7 (12:04:22)
3, 8 (12:04:22)
3, 8 (12:04:37)
3, 8 (12:04:37)
3, 8 (12:04:37)
3, 8 (12:04:42)
3, 8 (12:04:47)
3, 8 (12:04:51)
3, 8 (12:04:55)
3, 8 (12:04:59)
3, 9 (12:05:14)
3, 9 (12:05:29)
3, 9 (12:05:29)
3, 9 (12:05:29)
3, 9 (12:05:44)
3, 0 (12:05:59)
3, 0 (12:06:14)
3, 0 (12:06:14)
3, 10 (12:06:14)
3, 10 (12:06:29)
3, 10 (12:06:44)
3, 10 (12:06:59)
3, 10 (12:06:59)
3, 10 (12:06:59)
3, 10 (12:07:14)
3, 10 (12:07:14)
3, 11 (12:07:14)
3, 11 (12:07:29)
3, 11 (12:07:44)
3, 11 (12:07:44)
3, 11 (12:07:44)
3, 11 (12:07:59)
3, 11 (12:07:59)
3, 11 (12:07:59)
3, 12 (12:08:14)
3, 12 (12:08:29)
3, 12 (12:08:29)
3, 12 (12:08:29)
3, 12 (12:08:45)
3, 12 (12:09:00)
3, 12 (12:09:00)
3, 12 (12:09:00)
3, 12 (12:09:15)
3, 12 (12:09:15)
3, 13 (12:09:15)
3, 13 (12:09:30)
3, 13 (12:09:44)
3, 13 (12:09:44)
3, 13 (12:09:44)
3, 13 (12:09:59)
3, 13 (12:09:59)
3, 13 (12:09:59)
3, 14 (12:10:14)
3, 14 (12:10:29)
3, 14 (12:10:29)
3, 14 (12:10:29)
3, 14 (12:10:44)
3, 14 (12:10:59)
3, 14 (12:11:14)
3, 14 (12:11:14)
3, 15 (12:11:14)
3, 15 (12:11:29)
3, 15 (12:11:44)
3, 15 (12:11:59)
3, 15 (12:11:59)
3, 15 (12:11:59)
3, 16 (12:12:14)
3, 16 (12:12:29)
3, 16 (12:12:44)
3, 16 (12:12:44)
3, 16 (12:12:44)
3, 16 (12:12:59)
3, 17 (12:13:14)
3, 17 (12:13:29)
3, 17 (12:13:29)
3, 17 (12:13:29)
3, 17 (12:13:44)
3, 17 (12:13:59)
3, 17 (12:14:14)
3, 17 (12:14:14)
3, 18 (12:14:14)
3, 18 (12:14:29)
3, 18 (12:14:44)
3, 18 (12:14:59)
3, 18 (12:14:59)
3, 18 (12:14:59)
3, 19 (12:15:14)
3, 19 (12:15:29)
3, 19 (12:15:44)
3, 19 (12:15:44)
3, 19 (12:15:44)
3, 19 (12:15:59)
3, 20 (12:16:14)
3, 20 (12:16:29)
3, 20 (12:16:29)
3, 20 (12:16:29)
3, 20 (12:16:34)
3, 20 (12:16:34)
3, 20 (12:16:34)
3, 20 (12:16:49)
3, 20 (12:17:04)
3, 21 (12:17:19)
3, 21 (12:17:34)
3, 21 (12:17:49)
3, 21 (12:17:49)
3, 21 (12:17:49)
3, 21 (12:18:04)
3, 22 (12:18:19)
3, 22 (12:18:34)
3, 22 (12:18:34)
3, 22 (12:18:34)
3, 22 (12:18:49)
3, 22 (12:19:01)
3, 22 (12:19:14)
2, 22 (12:19:14)
2, 0 (12:19:14)
2, 0 (12:19:29)
3, 0 (12:19:29)
3, 0 (12:19:29)
3, 0 (12:19:44)
3, 0 (12:19:53)
3, 0 (12:19:53)
3, 0 (12:19:53)
3, 0 (12:20:08)
3, 0 (12:20:08)
3, 0 (12:20:08)
3, 24 (12:20:23)
3, 24 (12:20:38)
3, 24 (12:20:53)
3, 24 (12:20:53)
3, 24 (12:20:53)
3, 24 (12:21:08)
3, 25 (12:21:23)
3, 25 (12:21:38)
3, 25 (12:21:38)
3, 25 (12:21:38)
3, 25 (12:21:52)
3, 25 (12:22:07)
3, 25 (12:22:22)
2, 25 (12:22:22)
2, 0 (12:22:22)
2, 0 (12:22:37)
2, 0 (12:22:52)
2, 0 (12:23:07)
2, 0 (12:23:07)
2, 0 (12:23:07)
2, 1 (12:23:22)
2, 1 (12:23:37)
2, 1 (12:23:52)
2, 1 (12:23:52)
2, 1 (12:23:52)
2, 1 (12:24:07)
2, 2 (12:24:20)
2, 2 (12:24:22)
2, 2 (12:24:22)
2, 0 (12:24:22)
2, 0 (12:24:25)
3, 0 (12:24:25)
3, 0 (12:24:25)
2, 0 (12:24:40)
3, 0 (12:24:55)
3, 0 (12:25:10)
3, 0 (12:25:25)
3, 0 (12:25:25)
3, 0 (12:25:25)
2, 0 (12:25:40)
3, 0 (12:25:55)
3, 0 (12:26:09)
2, 0 (12:26:09)
2, 0 (12:26:09)
2, 0 (12:41:16)
2, 0 (12:41:31)
2, 0 (12:41:46)
2, 0 (12:41:46)
2, 0 (12:41:46)
2, 0 (12:42:01)
2, 0 (12:42:01)
2, 0 (12:42:01)
2, 16 (12:42:16)
2, 16 (12:42:31)
2, 16 (12:42:46)
2, 16 (12:42:46)
2, 16 (12:42:46)
2, 16 (12:43:01)
2, 17 (12:43:16)
2, 17 (12:43:31)
2, 17 (12:43:31)
2, 17 (12:43:31)
2, 17 (12:43:41)
2, 17 (12:43:41)
2, 17 (12:43:41)
3, 0 (12:43:50)
3, 0 (12:43:51)
3, 0 (12:43:51)
3, 0 (12:43:51)
3, 0 (12:44:06)
3, 0 (12:44:21)
3, 0 (12:44:21)
3, 0 (12:44:21)
3, 0 (12:44:36)
3, 0 (12:44:51)
3, 0 (12:45:06)
3, 0 (12:45:06)
3, 0 (12:45:06)
3, 1 (12:45:21)
3, 1 (12:45:36)
3, 1 (12:45:44)
3, 1 (12:45:44)
3, 1 (12:45:44)
3, 1 (12:45:48)
3, 1 (12:45:48)
3, 1 (12:45:48)
3, 1 (12:45:51)
3, 1 (12:46:06)
3, 1 (12:46:06)
3, 1 (12:46:06)
3, 2 (12:46:21)
3, 2 (12:46:25)
3, 2 (12:46:25)
3, 2 (12:46:25)
3, 2 (12:46:28)
3, 2 (12:46:28)
3, 2 (12:46:28)
3, 2 (12:46:43)
3, 2 (12:46:58)
3, 3 (12:47:13)
3, 3 (12:47:28)
3, 3 (12:47:28)
3, 3 (12:47:28)
3, 3 (12:47:43)
3, 3 (12:47:43)
3, 3 (12:47:43)
3, 3 (12:47:58)
3, 3 (12:48:13)
3, 3 (12:48:13)
3, 4 (12:48:13)
3, 4 (12:48:28)
3, 4 (12:48:28)
3, 4 (12:48:28)
3, 4 (12:48:43)
3, 4 (12:48:58)
3, 4 (12:48:58)
3, 4 (12:48:58)
3, 4 (12:49:13)
3, 4 (12:49:13)
3, 5 (12:49:13)
3, 5 (12:49:28)
3, 5 (12:49:43)
3, 5 (12:49:43)
3, 5 (12:49:43)
3, 5 (12:49:58)
3, 5 (12:49:58)
3, 5 (12:49:58)
3, 6 (12:50:13)
3, 6 (12:50:28)
3, 6 (12:50:28)
3, 6 (12:50:28)
3, 6 (12:50:43)
3, 6 (12:50:43)
3, 6 (12:50:43)
3, 6 (12:50:58)
3, 6 (12:51:13)
3, 6 (12:51:13)
3, 7 (12:51:13)
3, 7 (12:51:28)
3, 7 (12:51:28)
3, 7 (12:51:28)
3, 7 (12:51:43)
3, 7 (12:51:58)
3, 7 (12:51:58)
3, 7 (12:51:58)
3, 8 (12:52:13)
3, 8 (12:52:28)
3, 8 (12:52:43)
3, 8 (12:52:43)
3, 8 (12:52:43)
3, 8 (12:52:58)
3, 8 (12:52:58)
3, 8 (12:52:58)
3, 9 (12:53:13)
3, 9 (12:53:28)
3, 9 (12:53:28)
3, 9 (12:53:28)
3, 9 (12:53:43)
3, 9 (12:53:43)
3, 9 (12:53:43)
3, 9 (12:53:58)
3, 9 (12:54:13)
3, 9 (12:54:13)
3, 10 (12:54:13)
3, 10 (12:54:28)
3, 10 (12:54:28)
3, 10 (12:54:28)
3, 10 (12:54:43)
3, 10 (12:54:58)
3, 10 (12:54:58)
3, 10 (12:54:58)
3, 11 (12:55:13)
3, 11 (12:55:28)
3, 11 (12:55:43)
3, 11 (12:55:58)
3, 11 (12:56:13)
3, 11 (12:56:13)
3, 12 (12:56:13)
3, 12 (12:56:28)
3, 12 (12:56:43)
3, 12 (12:56:58)
3, 12 (12:56:58)
3, 12 (12:56:58)
3, 12 (12:57:13)
3, 12 (12:57:13)
3, 13 (12:57:13)
3, 13 (12:57:28)
3, 13 (12:57:43)
3, 13 (12:57:58)
3, 13 (12:57:58)
3, 13 (12:57:58)
3, 14 (12:58:13)
3, 14 (12:58:28)
3, 14 (12:58:43)
3, 14 (12:58:43)
3, 14 (12:58:43)
3, 14 (12:58:58)
3, 15 (12:59:13)
3, 15 (12:59:17)
3, 15 (12:59:17)
3, 15 (12:59:17)
3, 15 (12:59:21)
3, 15 (12:59:21)
3, 15 (12:59:21)
3, 15 (12:59:36)
3, 15 (12:59:51)
3, 15 (13:00:06)
3, 15 (13:00:21)
3, 15 (13:00:21)
3, 16 (13:00:21)
3, 16 (13:00:36)
3, 16 (13:00:51)
3, 16 (13:01:06)
3, 16 (13:01:06)
3, 16 (13:01:06)
3, 17 (13:01:21)
3, 17 (13:01:36)
3, 17 (13:01:51)
3, 17 (13:01:51)
3, 17 (13:01:51)
3, 17 (13:02:06)
3, 18 (13:02:21)
3, 18 (13:02:28)
3, 18 (13:02:28)
3, 18 (13:02:28)
3, 18 (13:02:32)
3, 18 (13:02:32)
3, 18 (13:02:32)
3, 18 (13:02:47)
3, 18 (13:03:02)
3, 18 (13:03:17)
3, 18 (13:03:17)
3, 19 (13:03:17)
3, 19 (13:03:32)
3, 19 (13:03:32)
3, 19 (13:03:32)
3, 19 (13:03:47)
3, 19 (13:04:02)
3, 19 (13:04:02)
3, 19 (13:04:02)
3, 19 (13:04:17)
3, 19 (13:04:17)
3, 20 (13:04:17)
3, 20 (13:04:32)
3, 20 (13:04:47)
3, 20 (13:04:47)
3, 20 (13:04:47)
3, 20 (13:05:02)
3, 21 (13:05:17)
3, 21 (13:05:32)
3, 21 (13:05:32)
3, 21 (13:05:32)
3, 21 (13:05:47)
3, 21 (13:06:02)
3, 21 (13:06:17)
3, 21 (13:06:17)
3, 22 (13:06:17)
3, 22 (13:06:32)
3, 22 (13:06:47)
3, 22 (13:07:02)
3, 22 (13:07:02)
3, 22 (13:07:02)
3, 23 (13:07:17)
3, 23 (13:07:32)
3, 23 (13:07:47)
3, 23 (13:07:47)
3, 23 (13:07:47)
3, 23 (13:08:00)
3, 23 (13:08:00)
3, 23 (13:08:00)
3, 24 (13:08:15)
3, 24 (13:08:26)
3, 24 (13:08:26)
3, 24 (13:08:26)
3, 24 (13:08:41)
3, 24 (13:08:41)
3, 24 (13:08:41)
3, 24 (13:08:56)
3, 24 (13:09:11)
2, 24 (13:09:11)
2, 0 (13:09:11)
2, 0 (13:09:19)
2, 0 (13:09:19)
2, 0 (13:09:19)
2, 0 (13:09:21)
0, 1 (13:10:44)
0, 1 (13:10:44)
0, 1 (13:10:44)
0, 1 (13:10:44)
0, 1 (13:10:44)
0, 1 (13:10:44)
0, 1 (13:10:44)
0, 1 (13:10:44)
0, 1 (13:10:44)
0, 1 (13:10:44)
0, 1 (13:10:44)
0, 1 (13:10:44)
0, 1 (13:10:44)
0, 1 (13:10:44)
0, 1 (13:10:44)
0, 1 (13:10:44)
0, 1 (13:10:44)
0, 1 (13:10:44)
0, 1 (13:10:44)
0, 1 (13:10:44)
0, 1 (13:10:44)
0, 1 (13:10:44)
0, 1 (13:10:44)
0, 1 (13:10:44)
0, 1 (13:10:44)
0, 1 (13:10:44)
0, 1 (13:10:45)
0, 1 (13:10:45)
0, 1 (13:10:45)
0, 1 (13:10:45)
0, 1 (13:10:45)
0, 1 (13:10:45)
0, 1 (13:10:45)
0, 1 (13:10:45)
0, 1 (13:10:45)
0, 1 (13:10:45)
0, 1 (13:10:45)
0, 1 (13:10:45)
0, 1 (13:10:45)
0, 1 (13:10:45)
0, 1 (13:10:46)
0, 1 (13:10:46)
0, 1 (13:10:46)
0, 1 (13:10:46)
2, 1 (13:10:46)
2, 1 (13:10:46)
2, 1 (13:10:54)
2, 1 (13:11:09)
3, 1 (13:11:09)
3, 0 (13:11:09)
3, 0 (13:11:14)
3, 0 (13:11:14)
3, 0 (13:11:14)
3, 0 (13:11:29)
3, 0 (13:11:44)
2, 0 (13:11:44)
2, 0 (13:11:44)
2, 0 (13:11:59)
2, 0 (13:12:08)
2, 0 (13:12:08)
2, 3 (13:12:08)
3, 0 (13:26:22)
3, 0 (13:26:37)
2, 0 (13:26:37)
2, 0 (13:26:37)
2, 0 (13:26:52)
2, 0 (13:27:07)
2, 0 (13:27:17)
3, 0 (13:27:17)
3, 0 (13:27:17)
3, 0 (13:27:32)
3, 0 (13:27:32)
3, 0 (13:27:32)
3, 0 (13:27:47)
3, 0 (13:28:02)
3, 0 (13:28:02)
3, 0 (13:28:02)
3, 0 (13:28:12)
3, 0 (13:28:12)
3, 3 (13:28:12)
3, 3 (13:28:16)
3, 3 (13:28:18)
3, 3 (13:28:18)
3, 3 (13:28:18)
3, 3 (13:28:31)
3, 3 (13:28:46)
3, 3 (13:28:58)
3, 3 (13:28:58)
3, 3 (13:28:58)
3, 3 (13:29:13)
3, 3 (13:29:13)
3, 4 (13:29:13)
3, 4 (13:29:28)
3, 4 (13:29:43)
3, 4 (13:29:43)
3, 4 (13:29:43)
3, 4 (13:29:49)
3, 4 (13:29:49)
3, 4 (13:29:49)
3, 4 (13:29:51)
3, 4 (13:30:04)
3, 5 (13:30:19)
3, 5 (13:30:34)
3, 5 (13:30:34)
3, 5 (13:30:34)
3, 5 (13:30:41)
2, 5 (13:30:41)
2, 0 (13:30:41)
0, 3 (13:34:48)
0, 3 (13:34:48)
0, 3 (13:34:48)
0, 3 (13:34:48)
0, 3 (13:34:48)
0, 3 (13:34:48)
0, 3 (13:34:48)
0, 3 (13:34:48)
0, 3 (13:34:48)
0, 3 (13:34:48)
0, 3 (13:34:48)
0, 3 (13:34:48)
0, 3 (13:34:48)
0, 3 (13:34:48)
0, 3 (13:34:48)
0, 3 (13:34:48)
0, 3 (13:34:48)
0, 3 (13:34:48)
0, 3 (13:34:48)
0, 3 (13:34:48)
0, 3 (13:34:48)
0, 3 (13:34:48)
0, 3 (13:34:49)
0, 3 (13:34:49)
0, 3 (13:34:49)
0, 3 (13:34:49)
0, 3 (13:34:49)
0, 3 (13:34:49)
0, 3 (13:34:49)
0, 3 (13:34:49)
0, 3 (13:34:49)
0, 3 (13:34:49)
0, 3 (13:34:49)
0, 3 (13:34:49)
0, 3 (13:34:49)
0, 3 (13:34:49)
0, 3 (13:34:49)
0, 3 (13:34:49)
0, 3 (13:34:49)
0, 3 (13:34:49)
0, 3 (13:34:49)
0, 3 (13:34:49)
0, 3 (13:34:50)
0, 3 (13:34:50)
0, 3 (13:34:50)
0, 3 (13:34:50)
0, 3 (13:34:59)
0, 3 (13:34:59)
0, 3 (13:34:59)
0, 4 (13:35:14)
0, 4 (13:35:29)
0, 4 (13:35:29)
0, 4 (13:35:29)
0, 4 (13:35:44)
0, 4 (13:35:44)
0, 4 (13:35:44)
0, 4 (13:35:59)
0, 5 (13:36:14)
0, 5 (13:36:29)
0, 5 (13:36:29)
0, 5 (13:36:29)
0, 5 (13:36:44)
0, 5 (13:36:59)
0, 5 (13:37:14)
0, 5 (13:37:14)
0, 6 (13:37:14)
0, 6 (13:37:29)
0, 6 (13:37:29)
0, 6 (13:37:29)
0, 6 (13:37:44)
0, 6 (13:37:59)
0, 6 (13:37:59)
0, 6 (13:37:59)
0, 6 (13:38:14)
0, 6 (13:38:14)
0, 7 (13:38:14)
0, 7 (13:38:29)
0, 7 (13:38:44)
0, 7 (13:38:44)
0, 7 (13:38:44)
0, 7 (13:38:59)
0, 8 (13:39:14)
0, 8 (13:39:29)
0, 8 (13:39:29)
0, 8 (13:39:29)
0, 8 (13:39:44)
0, 8 (13:39:59)
0, 8 (13:40:14)
0, 8 (13:40:14)
0, 9 (13:40:14)
0, 9 (13:40:29)
0, 9 (13:40:44)
0, 9 (13:40:59)
0, 9 (13:40:59)
0, 9 (13:40:59)
0, 9 (13:41:14)
0, 9 (13:41:14)
0, 10 (13:41:14)
0, 10 (13:41:29)
0, 10 (13:41:44)
0, 10 (13:41:44)
0, 10 (13:41:44)
0, 10 (13:41:59)
0, 11 (13:42:14)
0, 11 (13:42:29)
0, 11 (13:42:29)
0, 11 (13:42:29)
0, 11 (13:42:44)
0, 11 (13:42:59)
0, 11 (13:43:14)
0, 11 (13:43:14)
0, 12 (13:43:14)
0, 12 (13:43:29)
0, 12 (13:43:44)
0, 12 (13:43:59)
0, 12 (13:43:59)
0, 12 (13:43:59)
0, 12 (13:44:14)
0, 12 (13:44:14)
0, 13 (13:44:14)
0, 13 (13:44:29)
0, 13 (13:44:44)
0, 13 (13:44:44)
0, 13 (13:44:44)
0, 13 (13:44:59)
0, 14 (13:45:14)
0, 14 (13:45:29)
0, 14 (13:45:29)
0, 14 (13:45:29)
0, 14 (13:45:44)
0, 14 (13:45:44)
0, 14 (13:45:44)
0, 14 (13:45:59)
0, 14 (13:46:14)
0, 14 (13:46:14)
0, 15 (13:46:14)
0, 15 (13:46:29)
0, 15 (13:46:44)
0, 15 (13:46:59)
0, 15 (13:46:59)
0, 15 (13:46:59)
0, 15 (13:47:14)
0, 15 (13:47:14)
0, 16 (13:47:14)
0, 16 (13:47:29)
0, 16 (13:47:44)
0, 16 (13:47:44)
0, 16 (13:47:44)
0, 16 (13:47:59)
0, 17 (13:48:14)
0, 17 (13:48:29)
0, 17 (13:48:29)
0, 17 (13:48:29)
0, 17 (13:48:44)
0, 17 (13:48:59)
0, 17 (13:49:14)
0, 17 (13:49:14)
0, 18 (13:49:14)
0, 18 (13:49:29)
0, 18 (13:49:44)
0, 18 (13:49:59)
0, 18 (13:49:59)
0, 18 (13:49:59)
0, 19 (13:50:14)
0, 19 (13:50:29)
0, 19 (13:50:44)
0, 19 (13:50:44)
0, 19 (13:50:44)
0, 19 (13:50:59)
0, 20 (13:51:14)
0, 20 (13:51:29)
0, 20 (13:51:29)
0, 20 (13:51:29)
0, 20 (13:51:44)
0, 20 (13:51:44)
0, 20 (13:51:44)
0, 20 (13:51:59)
0, 20 (13:52:14)
0, 20 (13:52:14)
0, 21 (13:52:14)
0, 21 (13:52:29)
0, 21 (13:52:44)
0, 21 (13:52:59)
0, 21 (13:52:59)
0, 21 (13:52:59)
0, 22 (13:53:14)
0, 22 (13:53:29)
0, 22 (13:53:44)
0, 22 (13:53:44)
0, 22 (13:53:44)
0, 22 (13:53:59)
0, 23 (13:54:14)
0, 23 (13:54:29)
0, 23 (13:54:29)
0, 23 (13:54:29)
0, 23 (13:54:44)
0, 23 (13:54:44)
0, 23 (13:54:44)
0, 23 (13:54:59)
0, 23 (13:55:14)
0, 23 (13:55:14)
0, 24 (13:55:14)
0, 24 (13:55:29)
0, 24 (13:55:44)
0, 24 (13:55:59)
0, 24 (13:55:59)
0, 24 (13:55:59)
0, 25 (13:56:14)
0, 25 (13:56:29)
0, 25 (13:56:44)
0, 25 (13:56:44)
0, 25 (13:56:44)
0, 25 (13:56:59)
0, 26 (13:57:14)
0, 26 (13:57:29)
0, 26 (13:57:29)
0, 26 (13:57:29)
0, 26 (13:57:44)
0, 26 (13:57:44)
0, 26 (13:57:44)
0, 26 (13:57:59)
0, 26 (13:58:14)
0, 26 (13:58:14)
0, 27 (13:58:14)
0, 27 (13:58:29)
0, 27 (13:58:44)
0, 27 (13:58:59)
0, 27 (13:58:59)
0, 27 (13:58:59)
0, 28 (13:59:14)
0, 28 (13:59:29)
0, 28 (13:59:44)
0, 28 (13:59:44)
0, 28 (13:59:44)
0, 28 (13:59:59)
0, 29 (14:00:14)
0, 29 (14:00:29)
0, 29 (14:00:29)
0, 29 (14:00:29)
0, 29 (14:00:44)
0, 29 (14:00:44)
0, 29 (14:00:44)
0, 29 (14:00:59)
0, 29 (14:01:14)
0, 29 (14:01:14)
0, 30 (14:01:14)
0, 30 (14:01:29)
3, 0 (14:01:44)
3, 0 (14:01:59)
3, 0 (14:01:59)
3, 0 (14:01:59)
3, 1 (14:02:14)
3, 1 (14:02:29)
3, 1 (14:02:44)
3, 1 (14:02:44)
3, 1 (14:02:44)
3, 1 (14:02:59)
3, 1 (14:02:59)
3, 1 (14:02:59)
3, 0 (14:03:14)
3, 0 (14:03:22)
0, 0 (14:03:22)
0, 0 (14:03:22)
0, 33 (14:36:19)
3, 0 (14:36:28)
3, 0 (14:36:43)
3, 0 (14:36:43)
3, 0 (14:36:43)
3, 0 (14:36:47)
3, 0 (14:37:02)
3, 0 (14:37:17)
3, 0 (14:37:17)
3, 0 (14:37:17)
3, 0 (14:37:31)
3, 0 (14:37:31)
3, 0 (14:37:31)
3, 0 (14:37:36)
3, 0 (14:37:51)
3, 0 (14:37:51)
3, 0 (14:37:51)
3, 0 (14:38:06)
2, 0 (14:38:21)
2, 0 (14:38:36)
2, 0 (14:38:36)
2, 0 (14:38:36)
2, 0 (14:38:51)
3, 0 (14:39:04)
3, 0 (14:39:19)
3, 0 (14:39:19)
3, 0 (14:39:19)
3, 0 (14:39:21)
2, 0 (14:39:21)
2, 0 (14:39:21)
0, 7 (14:45:39)
0, 7 (14:45:39)
0, 7 (14:45:39)
0, 7 (14:45:39)
0, 7 (14:45:39)
0, 7 (14:45:39)
0, 7 (14:45:39)
0, 7 (14:45:39)
0, 7 (14:45:39)
0, 7 (14:45:39)
0, 7 (14:45:39)
0, 7 (14:45:39)
0, 7 (14:45:39)
0, 7 (14:45:39)
0, 7 (14:45:39)
0, 7 (14:45:39)
0, 7 (14:45:39)
0, 7 (14:45:39)
0, 7 (14:45:39)
0, 7 (14:45:39)
0, 7 (14:45:39)
0, 7 (14:45:39)
0, 7 (14:45:39)
0, 7 (14:45:39)
0, 7 (14:45:39)
0, 7 (14:45:39)
0, 7 (14:45:39)
0, 7 (14:45:39)
0, 7 (14:45:39)
0, 7 (14:45:40)
0, 7 (14:45:40)
0, 7 (14:45:40)
0, 7 (14:45:40)
0, 7 (14:45:40)
0, 7 (14:45:40)
0, 7 (14:45:40)
0, 7 (14:45:40)
0, 7 (14:45:40)
0, 7 (14:45:40)
0, 7 (14:45:40)
0, 7 (14:45:40)
0, 7 (14:45:40)
0, 7 (14:45:40)
0, 7 (14:45:41)
2, 7 (14:45:41)
2, 7 (14:45:41)
2, 7 (14:45:50)
2, 7 (14:45:50)
2, 7 (14:45:50)
2, 7 (14:46:05)
2, 7 (14:46:20)
2, 7 (14:46:20)
2, 8 (14:46:20)
2, 8 (14:46:35)
2, 8 (14:46:35)
2, 8 (14:46:35)
3, 0 (14:46:50)
3, 0 (14:47:01)
3, 0 (14:47:05)
3, 1 (14:47:08)
3, 1 (14:47:11)
3, 1 (14:47:17)
2, 0 (14:47:32)
2, 0 (14:47:47)
3, 0 (14:47:47)
3, 0 (14:47:47)
3, 0 (14:47:50)
3, 0 (14:47:50)
3, 0 (14:47:50)
3, 0 (14:48:05)
3, 2 (14:48:20)
3, 2 (14:48:35)
3, 2 (14:48:35)
3, 2 (14:48:35)
3, 2 (14:48:40)
3, 2 (14:48:40)
3, 2 (14:48:40)
3, 2 (14:48:55)
3, 3 (14:49:10)
3, 3 (14:49:17)
3, 3 (14:49:17)
3, 3 (14:49:17)
3, 3 (14:49:21)
3, 3 (14:49:21)
3, 3 (14:49:21)
3, 3 (14:49:36)
3, 3 (14:49:51)
3, 3 (14:50:06)
3, 3 (14:50:21)
3, 3 (14:50:21)
3, 4 (14:50:21)
3, 4 (14:50:36)
3, 4 (14:50:40)
3, 4 (14:50:55)
3, 4 (14:51:07)
3, 4 (14:51:07)
3, 4 (14:51:07)
3, 4 (14:51:22)
3, 4 (14:51:22)
3, 5 (14:51:22)
2, 0 (14:51:37)
2, 0 (14:51:52)
3, 0 (14:51:52)
3, 0 (14:51:52)
3, 0 (14:52:00)
3, 0 (14:52:00)
3, 0 (14:52:00)
3, 0 (14:52:08)
3, 0 (14:52:20)
3, 0 (14:52:35)
3, 0 (14:52:39)
3, 0 (14:52:39)
3, 0 (14:52:39)
3, 0 (14:52:54)
3, 0 (14:52:54)
3, 0 (14:52:54)
3, 0 (14:52:58)
3, 0 (14:53:06)
3, 0 (14:53:06)
3, 0 (14:53:06)
3, 7 (14:53:11)
3, 7 (14:53:24)
3, 7 (14:53:39)
3, 7 (14:53:39)
3, 7 (14:53:39)
3, 7 (14:53:54)
3, 7 (14:53:54)
3, 7 (14:53:54)
3, 8 (14:54:09)
3, 8 (14:54:24)
3, 8 (14:54:24)
3, 8 (14:54:24)
3, 8 (14:54:39)
3, 8 (14:54:54)
3, 8 (14:55:09)
3, 8 (14:55:09)
3, 9 (14:55:09)
3, 9 (14:55:24)
3, 9 (14:55:24)
3, 9 (14:55:24)
3, 9 (14:55:39)
3, 9 (14:55:54)
3, 9 (14:55:54)
3, 9 (14:55:54)
3, 9 (14:56:09)
3, 9 (14:56:09)
3, 10 (14:56:09)
3, 10 (14:56:24)
3, 10 (14:56:39)
3, 10 (14:56:54)
3, 10 (14:56:54)
3, 10 (14:56:54)
3, 11 (14:57:09)
3, 11 (14:57:24)
3, 11 (14:57:39)
3, 11 (14:57:39)
3, 11 (14:57:39)
3, 11 (14:57:54)
3, 11 (14:57:54)
3, 11 (14:57:54)
3, 11 (14:58:06)
3, 12 (14:58:10)
3, 12 (14:58:25)
3, 12 (14:58:40)
3, 12 (14:58:40)
3, 12 (14:58:40)
2, 0 (14:58:55)
3, 13 (14:59:10)
3, 13 (14:59:25)
3, 13 (14:59:25)
3, 13 (14:59:25)
3, 13 (14:59:40)
3, 13 (14:59:40)
3, 13 (14:59:40)
3, 13 (14:59:55)
3, 13 (15:00:10)
3, 13 (15:00:10)
3, 14 (15:00:10)
3, 14 (15:00:25)
3, 14 (15:00:25)
3, 14 (15:00:25)
3, 14 (15:00:40)
3, 14 (15:00:55)
3, 14 (15:01:10)
3, 14 (15:01:10)
3, 15 (15:01:10)
3, 15 (15:01:25)
3, 15 (15:01:25)
3, 15 (15:01:25)
3, 15 (15:01:40)
3, 15 (15:01:55)
3, 15 (15:01:55)
3, 15 (15:01:55)
3, 15 (15:02:10)
3, 15 (15:02:10)
3, 16 (15:02:10)
3, 16 (15:02:25)
3, 16 (15:02:40)
3, 16 (15:02:40)
3, 16 (15:02:40)
3, 16 (15:02:55)
3, 17 (15:03:10)
3, 17 (15:03:25)
3, 17 (15:03:25)
3, 17 (15:03:25)
3, 17 (15:03:40)
3, 17 (15:03:40)
3, 17 (15:03:40)
3, 17 (15:03:55)
3, 18 (15:04:10)
3, 18 (15:04:25)
3, 18 (15:04:40)
3, 18 (15:04:40)
3, 18 (15:04:40)
3, 18 (15:04:55)
3, 19 (15:05:10)
3, 19 (15:05:25)
3, 19 (15:05:25)
3, 19 (15:05:25)
3, 19 (15:05:40)
3, 19 (15:05:55)
3, 19 (15:06:10)
3, 19 (15:06:10)
3, 20 (15:06:10)
3, 20 (15:06:26)
3, 20 (15:06:26)
3, 20 (15:06:26)
3, 20 (15:06:41)
3, 20 (15:06:56)
3, 20 (15:06:56)
3, 20 (15:06:56)
3, 20 (15:07:10)
3, 20 (15:07:10)
3, 21 (15:07:10)
3, 21 (15:07:14)
3, 21 (15:07:28)
3, 21 (15:07:28)
3, 21 (15:07:28)
3, 21 (15:07:43)
3, 21 (15:07:43)
3, 21 (15:07:43)
3, 21 (15:07:58)
3, 22 (15:08:13)
3, 22 (15:08:28)
3, 22 (15:08:28)
3, 22 (15:08:28)
3, 22 (15:08:43)
3, 22 (15:08:58)
3, 22 (15:09:13)
3, 22 (15:09:13)
3, 23 (15:09:13)
3, 23 (15:09:28)
3, 23 (15:09:43)
3, 23 (15:09:58)
3, 23 (15:09:58)
3, 23 (15:09:58)
3, 24 (15:10:13)
3, 24 (15:10:28)
3, 24 (15:10:43)
3, 24 (15:10:58)
3, 24 (15:10:58)
3, 24 (15:10:58)
3, 24 (15:11:11)
3, 24 (15:11:11)
3, 25 (15:11:11)
3, 25 (15:11:15)
3, 25 (15:11:19)
3, 25 (15:11:34)
3, 25 (15:11:49)
3, 25 (15:11:49)
3, 25 (15:11:49)
3, 25 (15:11:55)
3, 25 (15:11:55)
3, 25 (15:11:55)
3, 26 (15:12:10)
3, 26 (15:12:22)
3, 26 (15:12:37)
3, 26 (15:12:37)
3, 26 (15:12:37)
3, 26 (15:12:47)
3, 26 (15:12:47)
3, 26 (15:12:47)
3, 26 (15:13:00)
3, 27 (15:13:10)
3, 27 (15:13:16)
3, 27 (15:13:31)
3, 27 (15:13:44)
3, 27 (15:13:44)
3, 27 (15:13:44)
3, 27 (15:13:59)
3, 27 (15:13:59)
3, 27 (15:13:59)
3, 28 (15:14:14)
3, 28 (15:14:22)
3, 28 (15:14:22)
3, 28 (15:14:22)
3, 28 (15:14:37)
3, 28 (15:14:37)
3, 28 (15:14:37)
3, 28 (15:14:40)
3, 28 (15:14:55)
3, 29 (15:15:10)
3, 29 (15:15:25)
3, 29 (15:15:25)
3, 29 (15:15:25)
3, 29 (15:15:32)
3, 29 (15:15:32)
3, 29 (15:15:32)
3, 29 (15:15:39)
3, 29 (15:15:48)
3, 29 (15:16:03)
3, 29 (15:16:18)
3, 29 (15:16:18)
3, 30 (15:16:18)
3, 30 (15:16:32)
3, 30 (15:16:32)
3, 0 (15:16:32)
3, 0 (15:16:47)
3, 0 (15:16:59)
3, 0 (15:16:59)
3, 0 (15:16:59)
3, 0 (15:17:14)
3, 0 (15:17:14)
3, 31 (15:17:14)
3, 31 (15:17:19)
2, 0 (15:17:34)
2, 0 (15:17:39)
2, 0 (15:17:39)
2, 0 (15:17:39)
